2024-10-13 12:50:46 - [INFO] Setting wallpaper: C:/Users/Timhe/Pictures/wallpapers\nasa-V4ZksNimxLk-unsplash.jpg
2024-10-13 12:50:47 - [INFO] Wallpaper changed
2024-10-13 12:51:46 - [INFO] Setting wallpaper: C:/Users/Timhe/Pictures/wallpapers\jonatan-pie-3l3RwQdHRHg-unsplash.jpg
2024-10-13 12:51:46 - [INFO] Wallpaper changed
2024-10-13 12:52:14 - [INFO] Setting wallpaper: C:/Users/Timhe/Pictures/wallpapers\joshua-earle-xEh4hvxRKXM-unsplash.jpg
2024-10-13 12:52:14 - [INFO] Wallpaper changed
2024-10-13 12:52:49 - [INFO] Setting wallpaper: C:/Users/Timhe/Pictures/wallpapers\joshua-earle-xEh4hvxRKXM-unsplash.jpg
2024-10-13 12:52:50 - [INFO] Wallpaper changed
2024-10-13 12:52:52 - [INFO] Setting wallpaper: C:/Users/Timhe/Pictures/wallpapers\jonatan-pie-3l3RwQdHRHg-unsplash.jpg
2024-10-13 12:52:53 - [INFO] Wallpaper changed
2024-10-13 12:53:02 - [INFO] Setting wallpaper: C:/Users/Timhe/Pictures/wallpapers\v2osk-Deiuc_XHk_I-unsplash.jpg
2024-10-13 12:53:03 - [INFO] Wallpaper changed
2024-10-13 12:54:02 - [INFO] Setting wallpaper: C:/Users/Timhe/Pictures/wallpapers\jonatan-pie-3l3RwQdHRHg-unsplash.jpg
2024-10-13 12:54:03 - [INFO] Wallpaper changed
2024-10-13 12:55:02 - [INFO] Setting wallpaper: C:/Users/Timhe/Pictures/wallpapers\jonatan-pie-3l3RwQdHRHg-unsplash (1).jpg
2024-10-13 12:55:03 - [INFO] Wallpaper changed
2024-10-13 12:56:02 - [INFO] Setting wallpaper: C:/Users/Timhe/Pictures/wallpapers\nasa-V4ZksNimxLk-unsplash.jpg
2024-10-13 12:56:03 - [INFO] Wallpaper changed
2024-10-13 12:57:02 - [INFO] Setting wallpaper: C:/Users/Timhe/Pictures/wallpapers\v2osk-Deiuc_XHk_I-unsplash.jpg
2024-10-13 12:57:03 - [INFO] Wallpaper changed
2024-10-13 12:58:02 - [INFO] Setting wallpaper: C:/Users/Timhe/Pictures/wallpapers\v2osk-Deiuc_XHk_I-unsplash.jpg
2024-10-13 12:58:03 - [INFO] Wallpaper changed
2024-10-13 12:59:02 - [INFO] Setting wallpaper: C:/Users/Timhe/Pictures/wallpapers\urban-vintage-78A265wPiO4-unsplash.jpg
2024-10-13 12:59:03 - [INFO] Wallpaper changed
2024-10-13 13:00:02 - [INFO] Setting wallpaper: C:/Users/Timhe/Pictures/wallpapers\v2osk-Deiuc_XHk_I-unsplash.jpg
2024-10-13 13:00:03 - [INFO] Wallpaper changed
2024-10-13 13:01:02 - [INFO] Setting wallpaper: C:/Users/Timhe/Pictures/wallpapers\jonatan-pie-3l3RwQdHRHg-unsplash (1).jpg
2024-10-13 13:01:03 - [INFO] Wallpaper changed
